<?xml version="1.0" encoding="UTF-8"?>
<!-- Generated by org.testng.reporters.JUnitReportReporter -->
<testsuite hostname="LAPTOP-D3UG8L5U" failures="0" tests="3" name="storedprocedures.StoredFunctionTest" time="0.205" errors="0" timestamp="2022-04-13T12:17:45 IST" skipped="0">
  <testcase classname="storedprocedures.StoredFunctionTest" name="test_storedFunctionExists" time="0.089"/>
  <system-out/>
  <testcase classname="storedprocedures.StoredFunctionTest" name="test_CustomerLevel_with_procedure" time="0.084"/>
  <system-out/>
  <testcase classname="storedprocedures.StoredFunctionTest" name="test_CustomerLevel_with_sql_statement" time="0.032"/>
  <system-out/>
</testsuite> <!-- storedprocedures.StoredFunctionTest -->
