<?xml version="1.0" encoding="UTF-8"?>
<!-- Generated by org.testng.reporters.JUnitReportReporter -->
<testsuite hostname="LAPTOP-D3UG8L5U" failures="0" tests="5" name="storedprocedures.StoredProcedureTest" time="0.088" errors="0" timestamp="2022-04-13T12:17:45 IST" skipped="0">
  <testcase classname="storedprocedures.StoredProcedureTest" name="test_storedProceduresExists" time="0.005"/>
  <system-out/>
  <testcase classname="storedprocedures.StoredProcedureTest" name="test_SelectAllCustomers" time="0.037"/>
  <system-out/>
  <testcase classname="storedprocedures.StoredProcedureTest" name="test_SelectAllCustomersByCity" time="0.013"/>
  <system-out/>
  <testcase classname="storedprocedures.StoredProcedureTest" name="test_getOrderByCust" time="0.021"/>
  <system-out/>
  <testcase classname="storedprocedures.StoredProcedureTest" name="test_getCustomerShipping" time="0.012"/>
  <system-out/>
</testsuite> <!-- storedprocedures.StoredProcedureTest -->
